<?xml version="1.0" encoding="UTF-8"?>
<!-- Generated by org.testng.reporters.JUnitReportReporter -->
<testsuite hostname="LIN25009168" failures="0" tests="1" name="Selenium.Testngxml" time="4.848" errors="0" timestamp="2023-02-16T16:07:45 IST" skipped="0">
  <testcase classname="Selenium.Testngxml" name="testng" time="4.848"/>
  <system-out/>
</testsuite> <!-- Selenium.Testngxml -->
