<?xml version="1.0" encoding="UTF-8"?>
<!-- Generated by org.testng.reporters.JUnitReportReporter -->
<testsuite hostname="LIN25009168" failures="0" tests="1" name="TestCases.NewTestPass" time="28.486" errors="0" timestamp="23 Feb 2023 13:09:14 GMT" skipped="0">
  <testcase classname="TestCases.NewTestPass" name="NewTestFail" time="28.486"/>
</testsuite> <!-- TestCases.NewTestPass -->
