<?xml version="1.0" encoding="UTF-8"?>
<!-- Generated by org.testng.reporters.JUnitReportReporter -->
<testsuite hostname="LIN25009168" failures="0" tests="1" name="Selenium.Youtube" time="5.218" errors="0" timestamp="2023-02-18T12:56:37 IST" skipped="0">
  <testcase classname="Selenium.Youtube" name="flipkart" time="5.218"/>
  <system-out/>
</testsuite> <!-- Selenium.Youtube -->
