<?xml version="1.0" encoding="UTF-8"?>
<!-- Generated by org.testng.reporters.JUnitReportReporter -->
<testsuite hostname="LIN25009168" failures="0" tests="3" name="Selenium.Dataprovide" time="0.011" errors="0" timestamp="2023-02-17T20:46:10 IST" skipped="0">
  <testcase classname="Selenium.Dataprovide" name="rundata" time="0.001"/>
  <system-out/>
  <testcase classname="Selenium.Dataprovide" name="rundata" time="0.009"/>
  <system-out/>
  <testcase classname="Selenium.Dataprovide" name="rundata" time="0.001"/>
  <system-out/>
</testsuite> <!-- Selenium.Dataprovide -->
