<?xml version="1.0" encoding="UTF-8"?>
<!-- Generated by org.testng.reporters.JUnitReportReporter -->
<testsuite hostname="LIN25009168" failures="0" tests="4" name="Selenium.Class4" time="0.011" errors="0" timestamp="2023-02-17T14:28:46 IST" skipped="0">
  <testcase classname="Selenium.Class4" name="teest" time="0.001"/>
  <system-out/>
  <testcase classname="Selenium.Class4" name="teesat" time="0.002"/>
  <system-out/>
  <testcase classname="Selenium.Class4" name="teesqt" time="0.000"/>
  <system-out/>
  <testcase classname="Selenium.Class4" name="teeast" time="0.008"/>
  <system-out/>
</testsuite> <!-- Selenium.Class4 -->
