<?xml version="1.0" encoding="UTF-8"?>
<!-- Generated by org.testng.reporters.JUnitReportReporter -->
<testsuite hostname="LIN25009168" failures="0" tests="1" name="Selenium.Flipkart" time="5.680" errors="0" timestamp="2023-02-18T12:56:37 IST" skipped="0">
  <testcase classname="Selenium.Flipkart" name="flipkart" time="5.680"/>
  <system-out/>
</testsuite> <!-- Selenium.Flipkart -->
