<?xml version="1.0" encoding="UTF-8"?>
<!-- Generated by org.testng.reporters.JUnitReportReporter -->
<testsuite hostname="LIN25009168" failures="0" tests="3" name="Selenium.Counts2" time="0.010" errors="0" timestamp="2023-02-15T14:54:35 IST" skipped="0">
  <testcase classname="Selenium.Counts2" name="count3" time="0.002"/>
  <system-out/>
  <testcase classname="Selenium.Counts2" name="count4" time="0.002"/>
  <system-out/>
  <testcase classname="Selenium.Counts2" name="count2" time="0.006"/>
  <system-out/>
</testsuite> <!-- Selenium.Counts2 -->
