<?xml version="1.0" encoding="UTF-8"?>
<!-- Generated by org.testng.reporters.JUnitReportReporter -->
<testsuite hostname="LIN25009168" failures="0" tests="1" name="Selenium.Sorting" time="4.084" errors="0" timestamp="2023-02-15T15:55:56 IST" skipped="0">
  <testcase classname="Selenium.Sorting" name="sorting" time="4.084"/>
  <system-out/>
</testsuite> <!-- Selenium.Sorting -->
