<?xml version="1.0" encoding="UTF-8"?>
<!-- Generated by org.testng.reporters.JUnitReportReporter -->
<testsuite hostname="LIN25009168" failures="0" tests="1" name="Selenium.Counts1" time="0.006" errors="0" timestamp="2023-02-15T13:55:04 IST" skipped="0">
  <testcase classname="Selenium.Counts1" name="Javastream" time="0.006"/>
  <system-out/>
</testsuite> <!-- Selenium.Counts1 -->
