<?xml version="1.0" encoding="UTF-8"?>
<!-- Generated by org.testng.reporters.JUnitReportReporter -->
<testsuite hostname="LIN25009168" failures="0" tests="1" name="Selenium.Class3" time="0.001" errors="0" timestamp="2023-02-17T15:01:26 IST" skipped="0">
  <testcase classname="Selenium.Class3" name="home1" time="0.001"/>
  <system-out/>
</testsuite> <!-- Selenium.Class3 -->
