<?xml version="1.0" encoding="UTF-8"?>
<!-- Generated by org.testng.reporters.JUnitReportReporter -->
<testsuite hostname="LIN25009168" failures="0" tests="5" name="TestCases.ErrorValidations" time="30.873" errors="0" timestamp="2023-02-21T11:56:20 IST" skipped="0">
  <testcase classname="TestCases.ErrorValidations" name="Loginerrorvalidation1" time="5.653"/>
  <system-out/>
  <testcase classname="TestCases.ErrorValidations" name="Producterrorvalidation" time="10.725"/>
  <system-out/>
  <testcase classname="TestCases.ErrorValidations" name="Loginpasswordblank" time="5.358"/>
  <system-out/>
  <testcase classname="TestCases.ErrorValidations" name="Loginerrorvalidation" time="4.604"/>
  <system-out/>
  <testcase classname="TestCases.ErrorValidations" name="Loginemailblank" time="4.533"/>
  <system-out/>
</testsuite> <!-- TestCases.ErrorValidations -->
