<?xml version="1.0" encoding="UTF-8"?>
<!-- Generated by org.testng.reporters.JUnitReportReporter -->
<testsuite hostname="LIN25009168" failures="0" tests="2" name="Selenium.Class1" time="0.010" errors="0" timestamp="2023-02-17T15:01:26 IST" skipped="0">
  <testcase classname="Selenium.Class1" name="car1" time="0.009"/>
  <system-out/>
  <testcase classname="Selenium.Class1" name="car2" time="0.001"/>
  <system-out/>
</testsuite> <!-- Selenium.Class1 -->
