<?xml version="1.0" encoding="UTF-8"?>
<!-- Generated by org.testng.reporters.JUnitReportReporter -->
<testsuite hostname="LIN25009168" failures="0" tests="1" name="Selenium.Standalone" time="21.138" errors="0" timestamp="2023-02-20T12:35:03 IST" skipped="0">
  <testcase classname="Selenium.Standalone" name="stand" time="21.138"/>
  <system-out/>
</testsuite> <!-- Selenium.Standalone -->
