<?xml version="1.0" encoding="UTF-8"?>
<!-- Generated by org.testng.reporters.JUnitReportReporter -->
<testsuite hostname="admin-PC" failures="0" tests="2" name="TestCases.Framework" time="109.050" errors="0" timestamp="2023-03-01T17:50:00 IST" skipped="0">
  <testcase classname="TestCases.Framework" name="submitorder" time="67.381"/>
  <system-out/>
  <testcase classname="TestCases.Framework" name="submitorder" time="41.669"/>
  <system-out/>
</testsuite> <!-- TestCases.Framework -->
