<?xml version="1.0" encoding="UTF-8"?>
<!-- Generated by org.testng.reporters.JUnitReportReporter -->
<testsuite hostname="LIN25009168" failures="0" tests="2" name="TestCases.Framework" time="54.748" errors="0" timestamp="25 Feb 2023 07:32:58 GMT" skipped="0">
  <testcase classname="TestCases.Framework" name="submitorder" time="28.243"/>
  <testcase classname="TestCases.Framework" name="submitorder" time="26.505"/>
</testsuite> <!-- TestCases.Framework -->
