<?xml version="1.0" encoding="UTF-8"?>
<!-- Generated by org.testng.reporters.JUnitReportReporter -->
<testsuite hostname="LIN25009168" failures="0" tests="2" name="TestCases.Framework" time="56.304" errors="0" timestamp="24 Feb 2023 12:47:11 GMT" skipped="0">
  <testcase classname="TestCases.Framework" name="submitorder" time="26.000"/>
  <testcase classname="TestCases.Framework" name="submitorder" time="30.304"/>
</testsuite> <!-- TestCases.Framework -->
