<?xml version="1.0" encoding="UTF-8"?>
<!-- Generated by org.testng.reporters.JUnitReportReporter -->
<testsuite hostname="LIN25009168" failures="0" tests="1" name="TestCases.NewTestPass" time="29.278" errors="0" timestamp="25 Feb 2023 06:26:48 GMT" skipped="0">
  <testcase classname="TestCases.NewTestPass" name="NewTestFail" time="29.278"/>
</testsuite> <!-- TestCases.NewTestPass -->
